2024-06-25 14:09:32,360 - utils.py - INFO: Выполняется запрос на прием json файла: data/operations.json
2024-06-25 14:09:32,363 - utils.py - INFO: Список словарей о финансовых транзакциях загружен успешно
2024-06-25 14:09:32,363 - masks.py - INFO: Введен верный формат номера карты: ['Maestro', '1596837868705199']
2024-06-25 14:09:32,363 - masks.py - INFO: Возвращена маска введенного номера карты: 1596 83** **** 5199
2024-06-25 14:09:32,364 - masks.py - INFO: Введен верный формат номера карты: ['MasterCard', '7158300734726758']
2024-06-25 14:09:32,364 - masks.py - INFO: Возвращена маска введенного номера карты: 7158 30** **** 6758
2024-06-25 14:09:32,364 - masks.py - INFO: Введен верный формат номера счета: ['Счет', '75106830613657916952']
2024-06-25 14:09:32,364 - masks.py - INFO: Возвращена маска введенного номера счета: **6952
2024-06-25 14:09:32,364 - masks.py - INFO: Введен верный формат номера счета: ['Счет', '19708645243227258542']
2024-06-25 14:09:32,365 - masks.py - INFO: Возвращена маска введенного номера счета: **8542
2024-06-25 14:09:32,365 - masks.py - INFO: Введен верный формат номера счета: ['Счет', '44812258784861134719']
2024-06-25 14:09:32,365 - masks.py - INFO: Возвращена маска введенного номера счета: **4719
2024-06-25 14:09:32,365 - masks.py - INFO: Введен верный формат номера счета: ['Счет', '10848359769870775355']
2024-06-25 14:09:32,365 - masks.py - INFO: Возвращена маска введенного номера счета: **5355
2024-06-25 14:09:32,365 - masks.py - INFO: Введен верный формат номера счета: ['Счет', '48894435694657014368']
2024-06-25 14:09:32,365 - masks.py - INFO: Возвращена маска введенного номера счета: **4368
2024-06-25 14:09:32,365 - masks.py - INFO: Введен верный формат номера карты: ['Visa', 'Classic', '6831982476737658']
2024-06-25 14:09:32,365 - masks.py - INFO: Возвращена маска введенного номера карты: 6831 98** **** 7658
2024-06-25 14:09:32,365 - masks.py - INFO: Введен верный формат номера карты: ['Visa', 'Gold', '5999414228426353']
2024-06-25 14:09:32,366 - masks.py - INFO: Возвращена маска введенного номера карты: 5999 41** **** 6353
2024-06-25 14:09:32,366 - masks.py - INFO: Введен верный формат номера карты: ['Visa', 'Platinum', '1246377376343588']
2024-06-25 14:09:32,366 - masks.py - INFO: Возвращена маска введенного номера карты: 1246 37** **** 3588
2024-06-25 14:09:32,366 - masks.py - INFO: Введен верный формат номера карты: ['Maestro', '3928549031574026']
2024-06-25 14:09:32,366 - masks.py - INFO: Возвращена маска введенного номера карты: 3928 54** **** 4026
2024-06-25 14:09:32,366 - masks.py - INFO: Введен верный формат номера карты: ['Maestro', '4598300720424501']
2024-06-25 14:09:32,366 - masks.py - INFO: Возвращена маска введенного номера карты: 4598 30** **** 4501
2024-06-25 14:09:32,366 - masks.py - INFO: Введен верный формат номера карты: ['MasterCard', '3152479541115065']
2024-06-25 14:09:32,366 - masks.py - INFO: Возвращена маска введенного номера карты: 3152 47** **** 5065
2024-06-25 14:09:32,366 - masks.py - INFO: Введен верный формат номера счета: ['Счет', '27248529432547658655']
2024-06-25 14:09:32,366 - masks.py - INFO: Возвращена маска введенного номера счета: **8655
2024-06-25 14:09:32,366 - masks.py - INFO: Введен верный формат номера счета: ['Счет', '24763316288121894080']
2024-06-25 14:09:32,366 - masks.py - INFO: Возвращена маска введенного номера счета: **4080
2024-06-25 14:09:32,366 - masks.py - INFO: Введен верный формат номера карты: ['Visa', 'Platinum', '2256483756542539']
2024-06-25 14:09:32,367 - masks.py - INFO: Возвращена маска введенного номера карты: 2256 48** **** 2539
2024-06-25 14:09:32,367 - masks.py - INFO: Введен верный формат номера счета: ['Счет', '73654108430135874305']
2024-06-25 14:09:32,367 - masks.py - INFO: Возвращена маска введенного номера счета: **4305
2024-06-25 14:09:32,367 - masks.py - INFO: Введен верный формат номера карты: ['MasterCard', '4047671689373225']
2024-06-25 14:09:32,367 - masks.py - INFO: Возвращена маска введенного номера карты: 4047 67** **** 3225
2024-06-25 14:09:32,367 - masks.py - INFO: Введен верный формат номера счета: ['Счет', '96008924215040031147']
2024-06-25 14:09:32,367 - masks.py - INFO: Возвращена маска введенного номера счета: **1147
2024-06-25 14:09:32,367 - masks.py - INFO: Введен верный формат номера карты: ['Visa', 'Classic', '4195191172583802']
2024-06-25 14:09:32,367 - masks.py - INFO: Возвращена маска введенного номера карты: 4195 19** **** 3802
2024-06-25 14:09:32,368 - masks.py - INFO: Введен верный формат номера карты: ['Visa', 'Gold', '7305799447374042']
2024-06-25 14:09:32,368 - masks.py - INFO: Возвращена маска введенного номера карты: 7305 79** **** 4042
2024-06-25 14:09:32,368 - masks.py - INFO: Введен верный формат номера карты: ['Visa', 'Gold', '3589276410671603']
2024-06-25 14:09:32,368 - masks.py - INFO: Возвращена маска введенного номера карты: 3589 27** **** 1603
2024-06-25 14:09:32,368 - masks.py - INFO: Введен верный формат номера карты: ['MasterCard', '4956649687637418']
2024-06-25 14:09:32,369 - masks.py - INFO: Возвращена маска введенного номера карты: 4956 64** **** 7418
2024-06-25 14:09:32,369 - masks.py - INFO: Введен верный формат номера счета: ['Счет', '35421428450077339637']
2024-06-25 14:09:32,369 - masks.py - INFO: Возвращена маска введенного номера счета: **9637
2024-06-25 14:09:32,369 - masks.py - INFO: Введен верный формат номера счета: ['Счет', '33407225454123927865']
2024-06-25 14:09:32,369 - masks.py - INFO: Возвращена маска введенного номера счета: **7865
2024-06-25 14:09:32,369 - masks.py - INFO: Введен верный формат номера карты: ['Visa', 'Platinum', '5355133159258236']
2024-06-25 14:09:32,369 - masks.py - INFO: Возвращена маска введенного номера карты: 5355 13** **** 8236
2024-06-25 14:09:32,369 - masks.py - INFO: Введен верный формат номера карты: ['Visa', 'Platinum', '2241653116508487']
2024-06-25 14:09:32,369 - masks.py - INFO: Возвращена маска введенного номера карты: 2241 65** **** 8487
2024-06-25 14:09:32,369 - masks.py - INFO: Введен верный формат номера карты: ['МИР', '8201420097886664']
2024-06-25 14:09:32,369 - masks.py - INFO: Возвращена маска введенного номера карты: 8201 42** **** 6664
2024-06-25 14:09:32,369 - masks.py - INFO: Введен верный формат номера карты: ['MasterCard', '8532498887072395']
2024-06-25 14:09:32,369 - masks.py - INFO: Возвращена маска введенного номера карты: 8532 49** **** 2395
2024-06-25 14:09:32,369 - masks.py - INFO: Введен верный формат номера карты: ['Visa', 'Gold', '6527183396477720']
2024-06-25 14:09:32,370 - masks.py - INFO: Возвращена маска введенного номера карты: 6527 18** **** 7720
2024-06-25 14:09:32,370 - masks.py - INFO: Введен верный формат номера карты: ['МИР', '8193813157568899']
2024-06-25 14:09:32,370 - masks.py - INFO: Возвращена маска введенного номера карты: 8193 81** **** 8899
2024-06-25 14:09:32,370 - masks.py - INFO: Введен верный формат номера счета: ['Счет', '77977573135347241529']
2024-06-25 14:09:32,370 - masks.py - INFO: Возвращена маска введенного номера счета: **1529
2024-06-25 14:09:32,370 - masks.py - INFO: Введен верный формат номера счета: ['Счет', '73222753239048295679']
2024-06-25 14:09:32,370 - masks.py - INFO: Возвращена маска введенного номера счета: **5679
2024-06-25 14:09:32,370 - masks.py - INFO: Введен верный формат номера карты: ['Visa', 'Gold', '7756673469642839']
2024-06-25 14:09:32,370 - masks.py - INFO: Возвращена маска введенного номера карты: 7756 67** **** 2839
2024-06-25 14:09:32,370 - masks.py - INFO: Введен верный формат номера счета: ['Счет', '99668626339273709694']
2024-06-25 14:09:32,370 - masks.py - INFO: Возвращена маска введенного номера счета: **9694
2024-06-25 14:09:32,370 - masks.py - INFO: Введен верный формат номера карты: ['Maestro', '7810846596785568']
2024-06-25 14:09:32,370 - masks.py - INFO: Возвращена маска введенного номера карты: 7810 84** **** 5568
2024-06-25 14:09:32,370 - masks.py - INFO: Введен верный формат номера счета: ['Счет', '54883981902864782073']
2024-06-25 14:09:32,370 - masks.py - INFO: Возвращена маска введенного номера счета: **2073
2024-06-25 14:09:32,370 - masks.py - INFO: Введен верный формат номера карты: ['MasterCard', '1435442169918409']
2024-06-25 14:09:32,370 - masks.py - INFO: Возвращена маска введенного номера карты: 1435 44** **** 8409
2024-06-25 14:09:32,370 - masks.py - INFO: Введен верный формат номера карты: ['Visa', 'Classic', '6216537926639975']
2024-06-25 14:09:32,370 - masks.py - INFO: Возвращена маска введенного номера карты: 6216 53** **** 9975
2024-06-25 14:09:32,371 - masks.py - INFO: Введен верный формат номера карты: ['Visa', 'Classic', '7022985698476865']
2024-06-25 14:09:32,371 - masks.py - INFO: Возвращена маска введенного номера карты: 7022 98** **** 6865
2024-06-25 14:09:32,371 - masks.py - INFO: Введен верный формат номера счета: ['Счет', '75743795418434298755']
2024-06-25 14:09:32,371 - masks.py - INFO: Возвращена маска введенного номера счета: **8755
2024-06-25 14:09:32,371 - masks.py - INFO: Введен верный формат номера счета: ['Счет', '65298957349197687907']
2024-06-25 14:09:32,371 - masks.py - INFO: Возвращена маска введенного номера счета: **7907
2024-06-25 14:09:32,371 - masks.py - INFO: Введен верный формат номера карты: ['Visa', 'Classic', '3414396880443483']
2024-06-25 14:09:32,371 - masks.py - INFO: Возвращена маска введенного номера карты: 3414 39** **** 3483
2024-06-25 14:09:32,371 - masks.py - INFO: Введен верный формат номера карты: ['Visa', 'Classic', '8906171742833215']
2024-06-25 14:09:32,371 - masks.py - INFO: Возвращена маска введенного номера карты: 8906 17** **** 3215
2024-06-25 14:09:32,371 - masks.py - INFO: Введен верный формат номера счета: ['Счет', '86675623828180311969']
2024-06-25 14:09:32,371 - masks.py - INFO: Возвращена маска введенного номера счета: **1969
2024-06-25 14:09:32,371 - masks.py - INFO: Введен верный формат номера счета: ['Счет', '38427597486442637521']
2024-06-25 14:09:32,371 - masks.py - INFO: Возвращена маска введенного номера счета: **7521
2024-06-25 14:09:32,371 - masks.py - INFO: Введен верный формат номера карты: ['MasterCard', '9175985085449563']
2024-06-25 14:09:32,371 - masks.py - INFO: Возвращена маска введенного номера карты: 9175 98** **** 9563
2024-06-25 14:09:32,371 - masks.py - INFO: Введен верный формат номера карты: ['Visa', 'Classic', '6319351940209800']
2024-06-25 14:09:32,371 - masks.py - INFO: Возвращена маска введенного номера карты: 6319 35** **** 9800
2024-06-25 14:09:32,372 - masks.py - INFO: Введен верный формат номера карты: ['Visa', 'Classic', '4040551273087672']
2024-06-25 14:09:32,372 - masks.py - INFO: Возвращена маска введенного номера карты: 4040 55** **** 7672
2024-06-25 14:09:32,372 - masks.py - INFO: Введен верный формат номера карты: ['Visa', 'Gold', '9657499677062945']
2024-06-25 14:09:32,372 - masks.py - INFO: Возвращена маска введенного номера карты: 9657 49** **** 2945
2024-06-25 14:09:32,372 - masks.py - INFO: Введен верный формат номера карты: ['MasterCard', '1796816785869527']
2024-06-25 14:09:32,372 - masks.py - INFO: Возвращена маска введенного номера карты: 1796 81** **** 9527
2024-06-25 14:09:32,372 - masks.py - INFO: Введен верный формат номера счета: ['Счет', '33721541831646393763']
2024-06-25 14:09:32,372 - masks.py - INFO: Возвращена маска введенного номера счета: **3763
2024-06-25 14:09:32,372 - masks.py - INFO: Введен верный формат номера карты: ['Maestro', '4284341727554246']
2024-06-25 14:09:32,372 - masks.py - INFO: Возвращена маска введенного номера карты: 4284 34** **** 4246
2024-06-25 14:09:32,372 - masks.py - INFO: Введен верный формат номера карты: ['МИР', '4878656375033856']
2024-06-25 14:09:32,372 - masks.py - INFO: Возвращена маска введенного номера карты: 4878 65** **** 3856
2024-06-25 14:09:32,372 - masks.py - INFO: Введен верный формат номера карты: ['МИР', '8021883699486544']
2024-06-25 14:09:32,372 - masks.py - INFO: Возвращена маска введенного номера карты: 8021 88** **** 6544
2024-06-25 14:09:32,372 - masks.py - INFO: Введен верный формат номера счета: ['Счет', '28429442875257789335']
2024-06-25 14:09:32,372 - masks.py - INFO: Возвращена маска введенного номера счета: **9335
2024-06-25 14:09:32,372 - masks.py - INFO: Введен верный формат номера карты: ['Visa', 'Platinum', '8990850370884895']
2024-06-25 14:09:32,372 - masks.py - INFO: Возвращена маска введенного номера карты: 8990 85** **** 4895
2024-06-25 14:09:32,373 - masks.py - INFO: Введен верный формат номера карты: ['MasterCard', '3595832182277400']
2024-06-25 14:09:32,373 - masks.py - INFO: Возвращена маска введенного номера карты: 3595 83** **** 7400
2024-06-25 14:09:32,373 - masks.py - INFO: Введен верный формат номера карты: ['Visa', 'Classic', '1203921041964079']
2024-06-25 14:09:32,373 - masks.py - INFO: Возвращена маска введенного номера карты: 1203 92** **** 4079
2024-06-25 14:09:32,373 - masks.py - INFO: Введен верный формат номера счета: ['Счет', '18125798580985711166']
2024-06-25 14:09:32,373 - masks.py - INFO: Возвращена маска введенного номера счета: **1166
2024-06-25 14:09:32,373 - masks.py - INFO: Введен верный формат номера карты: ['Visa', 'Classic', '4610247282706784']
2024-06-25 14:09:32,373 - masks.py - INFO: Возвращена маска введенного номера карты: 4610 24** **** 6784
2024-06-25 14:09:32,373 - masks.py - INFO: Введен верный формат номера карты: ['MasterCard', '9454780748494532']
2024-06-25 14:09:32,374 - masks.py - INFO: Возвращена маска введенного номера карты: 9454 78** **** 4532
2024-06-25 14:09:32,374 - masks.py - INFO: Введен верный формат номера карты: ['МИР', '8665240839126074']
2024-06-25 14:09:32,374 - masks.py - INFO: Возвращена маска введенного номера карты: 8665 24** **** 6074
2024-06-25 14:09:32,374 - masks.py - INFO: Введен верный формат номера карты: ['Visa', 'Classic', '2842878893689012']
2024-06-25 14:09:32,375 - masks.py - INFO: Возвращена маска введенного номера карты: 2842 87** **** 9012
2024-06-25 14:09:32,375 - masks.py - INFO: Введен верный формат номера счета: ['Счет', '38611439522855669794']
2024-06-25 14:09:32,375 - masks.py - INFO: Возвращена маска введенного номера счета: **9794
2024-06-25 14:09:32,375 - masks.py - INFO: Введен верный формат номера счета: ['Счет', '59956820797131895975']
2024-06-25 14:09:32,375 - masks.py - INFO: Возвращена маска введенного номера счета: **5975
2024-06-25 14:09:32,375 - masks.py - INFO: Введен верный формат номера карты: ['Maestro', '9171987821259925']
2024-06-25 14:09:32,375 - masks.py - INFO: Возвращена маска введенного номера карты: 9171 98** **** 9925
2024-06-25 14:09:32,375 - masks.py - INFO: Введен верный формат номера карты: ['Visa', 'Platinum', '1813166339376336']
2024-06-25 14:09:32,375 - masks.py - INFO: Возвращена маска введенного номера карты: 1813 16** **** 6336
2024-06-25 14:09:32,375 - masks.py - INFO: Введен верный формат номера счета: ['Счет', '33355011456314142963']
2024-06-25 14:09:32,375 - masks.py - INFO: Возвращена маска введенного номера счета: **2963
2024-06-25 14:09:32,375 - masks.py - INFO: Введен верный формат номера счета: ['Счет', '19628854383215954147']
2024-06-25 14:09:32,375 - masks.py - INFO: Возвращена маска введенного номера счета: **4147
2024-06-25 14:09:32,375 - masks.py - INFO: Введен верный формат номера карты: ['Maestro', '1913883747791351']
2024-06-25 14:09:32,375 - masks.py - INFO: Возвращена маска введенного номера карты: 1913 88** **** 1351
2024-06-25 14:09:32,375 - masks.py - INFO: Введен верный формат номера счета: ['Счет', '72645194281643232984']
2024-06-25 14:09:32,375 - masks.py - INFO: Возвращена маска введенного номера счета: **2984
2024-06-25 14:09:32,375 - masks.py - INFO: Введен верный формат номера карты: ['Visa', 'Platinum', '3530191547567121']
2024-06-25 14:09:32,376 - masks.py - INFO: Возвращена маска введенного номера карты: 3530 19** **** 7121
2024-06-25 14:09:32,376 - masks.py - INFO: Введен верный формат номера карты: ['MasterCard', '8826230888662405']
2024-06-25 14:09:32,376 - masks.py - INFO: Возвращена маска введенного номера карты: 8826 23** **** 2405
2024-06-25 14:09:32,376 - masks.py - INFO: Введен верный формат номера карты: ['Visa', 'Classic', '4062745111784804']
2024-06-25 14:09:32,376 - masks.py - INFO: Возвращена маска введенного номера карты: 4062 74** **** 4804
2024-06-25 14:09:32,376 - masks.py - INFO: Введен верный формат номера счета: ['Счет', '23177857685058835559']
2024-06-25 14:09:32,376 - masks.py - INFO: Возвращена маска введенного номера счета: **5559
2024-06-25 14:09:32,376 - masks.py - INFO: Введен верный формат номера счета: ['Счет', '27921306202254867520']
2024-06-25 14:09:32,376 - masks.py - INFO: Возвращена маска введенного номера счета: **7520
2024-06-25 14:09:32,376 - masks.py - INFO: Введен верный формат номера карты: ['MasterCard', '8847384717023026']
2024-06-25 14:09:32,376 - masks.py - INFO: Возвращена маска введенного номера карты: 8847 38** **** 3026
2024-06-25 14:09:32,376 - masks.py - INFO: Введен верный формат номера карты: ['Visa', 'Platinum', '6942697754917688']
2024-06-25 14:09:32,376 - masks.py - INFO: Возвращена маска введенного номера карты: 6942 69** **** 7688
2024-06-25 14:09:32,376 - masks.py - INFO: Введен верный формат номера карты: ['Maestro', '7552745726849311']
2024-06-25 14:09:32,376 - masks.py - INFO: Возвращена маска введенного номера карты: 7552 74** **** 9311
2024-06-25 14:09:32,376 - masks.py - INFO: Введен верный формат номера карты: ['МИР', '6381702861749111']
2024-06-25 14:09:32,376 - masks.py - INFO: Возвращена маска введенного номера карты: 6381 70** **** 9111
2024-06-25 14:09:32,376 - masks.py - INFO: Введен верный формат номера карты: ['Visa', 'Gold', '3654412434951162']
2024-06-25 14:09:32,376 - masks.py - INFO: Возвращена маска введенного номера карты: 3654 41** **** 1162
2024-06-25 14:09:32,377 - masks.py - INFO: Введен верный формат номера карты: ['МИР', '3766446452238784']
2024-06-25 14:09:32,377 - masks.py - INFO: Возвращена маска введенного номера карты: 3766 44** **** 8784
2024-06-25 14:09:32,377 - masks.py - INFO: Введен верный формат номера счета: ['Счет', '17691325653939384901']
2024-06-25 14:09:32,377 - masks.py - INFO: Возвращена маска введенного номера счета: **4901
2024-06-25 14:09:32,377 - masks.py - INFO: Введен верный формат номера карты: ['Visa', 'Gold', '8326537236216459']
2024-06-25 14:09:32,377 - masks.py - INFO: Возвращена маска введенного номера карты: 8326 53** **** 6459
2024-06-25 14:09:32,377 - masks.py - INFO: Введен верный формат номера карты: ['МИР', '5211277418228469']
2024-06-25 14:09:32,377 - masks.py - INFO: Возвращена маска введенного номера карты: 5211 27** **** 8469
2024-06-25 14:09:32,377 - masks.py - INFO: Введен верный формат номера счета: ['Счет', '71687416928274675290']
2024-06-25 14:09:32,377 - masks.py - INFO: Возвращена маска введенного номера счета: **5290
2024-06-25 14:09:32,377 - masks.py - INFO: Введен верный формат номера счета: ['Счет', '26406253703545413262']
2024-06-25 14:09:32,377 - masks.py - INFO: Возвращена маска введенного номера счета: **3262
2024-06-25 14:09:32,377 - masks.py - INFO: Введен верный формат номера счета: ['Счет', '46363668439560358409']
2024-06-25 14:09:32,377 - masks.py - INFO: Возвращена маска введенного номера счета: **8409
2024-06-25 14:09:32,377 - masks.py - INFO: Введен верный формат номера карты: ['Maestro', '1308795367077170']
2024-06-25 14:09:32,377 - masks.py - INFO: Возвращена маска введенного номера карты: 1308 79** **** 7170
