2024-06-28 13:23:13,162 - utils.py - INFO: Выполняется запрос на прием json файла: data/operations.json
2024-06-28 13:23:13,167 - utils.py - INFO: Список словарей о финансовых транзакциях загружен успешно
2024-06-28 13:23:35,802 - masks.py - INFO: Введен верный формат номера карты: ['MasterCard', '9175985085449563']
2024-06-28 13:23:35,803 - masks.py - INFO: Возвращена маска введенного номера карты: 9175 98** **** 9563
2024-06-28 13:23:35,805 - masks.py - INFO: Введен верный формат номера счета: ['Счет', '82781399328834147668']
2024-06-28 13:23:35,806 - masks.py - INFO: Возвращена маска введенного номера счета: **7668
2024-06-28 13:23:35,808 - masks.py - INFO: Введен верный формат номера счета: ['Счет', '26406253703545413262']
2024-06-28 13:23:35,808 - masks.py - INFO: Возвращена маска введенного номера счета: **3262
2024-06-28 13:23:35,808 - masks.py - INFO: Введен верный формат номера счета: ['Счет', '20735820461482021315']
2024-06-28 13:23:35,808 - masks.py - INFO: Возвращена маска введенного номера счета: **1315
2024-06-28 13:23:35,808 - masks.py - INFO: Введен верный формат номера счета: ['Счет', '27248529432547658655']
2024-06-28 13:23:35,808 - masks.py - INFO: Возвращена маска введенного номера счета: **8655
2024-06-28 13:23:35,808 - masks.py - INFO: Введен верный формат номера счета: ['Счет', '97584898735659638967']
2024-06-28 13:23:35,809 - masks.py - INFO: Возвращена маска введенного номера счета: **8967
2024-06-28 13:23:35,809 - masks.py - INFO: Введен верный формат номера карты: ['Visa', 'Platinum', '3530191547567121']
2024-06-28 13:23:35,809 - masks.py - INFO: Возвращена маска введенного номера карты: 3530 19** **** 7121
2024-06-28 13:23:35,809 - masks.py - INFO: Введен верный формат номера счета: ['Счет', '46878338893256147528']
2024-06-28 13:23:35,809 - masks.py - INFO: Возвращена маска введенного номера счета: **7528
2024-06-28 13:23:35,809 - masks.py - INFO: Введен верный формат номера счета: ['Счет', '23177857685058835559']
2024-06-28 13:23:35,809 - masks.py - INFO: Возвращена маска введенного номера счета: **5559
2024-06-28 13:23:35,809 - masks.py - INFO: Введен верный формат номера счета: ['Счет', '56363465303962313778']
2024-06-28 13:23:35,809 - masks.py - INFO: Возвращена маска введенного номера счета: **3778
2024-06-28 13:23:35,809 - masks.py - INFO: Введен верный формат номера счета: ['Счет', '77977573135347241529']
2024-06-28 13:23:35,809 - masks.py - INFO: Возвращена маска введенного номера счета: **1529
2024-06-28 13:23:35,809 - masks.py - INFO: Введен верный формат номера счета: ['Счет', '33062909508148771891']
2024-06-28 13:23:35,809 - masks.py - INFO: Возвращена маска введенного номера счета: **1891
2024-06-28 13:23:35,810 - masks.py - INFO: Введен верный формат номера карты: ['Visa', 'Classic', '6216537926639975']
2024-06-28 13:23:35,810 - masks.py - INFO: Возвращена маска введенного номера карты: 6216 53** **** 9975
2024-06-28 13:23:35,810 - masks.py - INFO: Введен верный формат номера счета: ['Счет', '67667879435628279708']
2024-06-28 13:23:35,810 - masks.py - INFO: Возвращена маска введенного номера счета: **9708
2024-06-28 13:23:35,810 - masks.py - INFO: Введен верный формат номера карты: ['Visa', 'Gold', '3589276410671603']
2024-06-28 13:23:35,810 - masks.py - INFO: Возвращена маска введенного номера карты: 3589 27** **** 1603
2024-06-28 13:23:35,810 - masks.py - INFO: Введен верный формат номера счета: ['Счет', '96292138399386853355']
2024-06-28 13:23:35,810 - masks.py - INFO: Возвращена маска введенного номера счета: **3355
2024-06-28 13:23:35,810 - masks.py - INFO: Введен верный формат номера счета: ['Счет', '99668626339273709694']
2024-06-28 13:23:35,811 - masks.py - INFO: Возвращена маска введенного номера счета: **9694
2024-06-28 13:23:35,811 - masks.py - INFO: Введен верный формат номера счета: ['Счет', '27219929444683698245']
2024-06-28 13:23:35,811 - masks.py - INFO: Возвращена маска введенного номера счета: **8245
2024-06-28 13:23:35,811 - masks.py - INFO: Введен верный формат номера счета: ['Счет', '65298957349197687907']
2024-06-28 13:23:35,811 - masks.py - INFO: Возвращена маска введенного номера счета: **7907
2024-06-28 13:23:35,811 - masks.py - INFO: Введен верный формат номера счета: ['Счет', '38784565940893479418']
2024-06-28 13:23:35,811 - masks.py - INFO: Возвращена маска введенного номера счета: **9418
2024-06-28 13:23:35,811 - masks.py - INFO: Введен верный формат номера карты: ['Maestro', '1596837868705199']
2024-06-28 13:23:35,811 - masks.py - INFO: Возвращена маска введенного номера карты: 1596 83** **** 5199
2024-06-28 13:23:35,811 - masks.py - INFO: Введен верный формат номера счета: ['Счет', '64686473678894779589']
2024-06-28 13:23:35,811 - masks.py - INFO: Возвращена маска введенного номера счета: **9589
2024-06-28 13:23:35,811 - masks.py - INFO: Введен верный формат номера карты: ['Maestro', '7810846596785568']
2024-06-28 13:23:35,811 - masks.py - INFO: Возвращена маска введенного номера карты: 7810 84** **** 5568
2024-06-28 13:23:35,811 - masks.py - INFO: Введен верный формат номера счета: ['Счет', '43241152692663622869']
2024-06-28 13:23:35,811 - masks.py - INFO: Возвращена маска введенного номера счета: **2869
